<ol>
  <li><a href="#">Problema Permissao</a></li>
  <li><a href="#">NAO BUILDA</a></li>
  <li><a href="#">PYTHON nao encontrado</a></li>
</ol>

<!-- ------------------------------------------------------------- -->
<hr>
<a name=""></a>
<h2>Problema de PERMISSÃO</h2>
<code>docker: Got permission denied while trying to connect to the Docker daemon socket at unix:///var/run/docker.sock:</code>

<br>Listar o nivel das permissoes do docker<br/>
<pre>$ ls -l /var/run/docker.sock</pre>
<code>srw-rw---- 1 root docker 0 mar 11 07:30 /var/run/docker.sock</code>

<br>Basta alterar o nivel de permissão com o comando abaixo<br>
<pre>$ sudo chmod 666 /var/run/docker.sock</pre>

PERMISSAO ATUALIZADA<br>
<code>srw-rw-rw- 1 root docker 0 mar 11 07:30 /var/run/docker.sock</code>

<a href="https://github.com/docker/docker-snap/issues/1">Fonte[1]</a>


<!-- ------------------------------------------------------------- -->
<hr>
<a name=""></a>
<h2>NAO BUILDA</h2>
Erro ao executar o comando 
<pre class="terminal">$ docker compose up --build
strconv.Atoi: parsing "": invalid syntax</pre>

<kbd>SOLUCAO</kbd>
<pre class="terminal">$ docker-compose down --remove-orphans</pre>

<br><a href="https://stackoverflow.com/questions/73948802/strconv-atoi-parsing-invalid-syntax" target="_blank">stackoverflow</a>


<!-- ------------------------------------------------------------- -->
<hr>
<a name=""></a>
<h2>PYTHON nao encontrado</h2>

<pre>npm ERR! code 1
npm ERR! path /app/node_modules/node-sass
npm ERR! command failed
npm ERR! command sh -c -- node scripts/build.js
npm ERR! Building: /usr/bin/node /app/node_modules/node-gyp/bin/node-gyp.js rebuild --verbose --libsass_ext= --libsass_cflags= --libsass_ldflags= --libsass_library=
npm ERR! gyp info it worked if it ends with ok
npm ERR! gyp verb cli [
npm ERR! gyp verb cli   '/usr/bin/node',
npm ERR! gyp verb cli   '/app/node_modules/node-gyp/bin/node-gyp.js',
npm ERR! gyp verb cli   'rebuild',
npm ERR! gyp verb cli   '--verbose',
npm ERR! gyp verb cli   '--libsass_ext=',
npm ERR! gyp verb cli   '--libsass_cflags=',
npm ERR! gyp verb cli   '--libsass_ldflags=',
npm ERR! gyp verb cli   '--libsass_library='
npm ERR! gyp verb cli ]
npm ERR! gyp info using node-gyp@3.8.0
npm ERR! gyp info using node@18.12.1 | linux | x64
npm ERR! gyp verb command rebuild []
npm ERR! gyp verb command clean []
npm ERR! gyp verb clean removing "build" directory
npm ERR! gyp verb command configure []
npm ERR! gyp verb check python checking for Python executable "python2" in the PATH
npm ERR! gyp verb `which` failed Error: not found: python2
npm ERR! gyp verb `which` failed     at getNotFoundError (/app/node_modules/which/which.js:13:12)
npm ERR! gyp verb `which` failed     at F (/app/node_modules/which/which.js:68:19)
npm ERR! gyp verb `which` failed     at E (/app/node_modules/which/which.js:80:29)
npm ERR! gyp verb `which` failed     at /app/node_modules/which/which.js:89:16
npm ERR! gyp verb `which` failed     at /app/node_modules/isexe/index.js:42:5
npm ERR! gyp verb `which` failed     at /app/node_modules/isexe/mode.js:8:5
npm ERR! gyp verb `which` failed     at FSReqCallback.oncomplete (node:fs:207:21)
npm ERR! gyp verb `which` failed  python2 Error: not found: python2
npm ERR! gyp verb `which` failed     at getNotFoundError (/app/node_modules/which/which.js:13:12)
npm ERR! gyp verb `which` failed     at F (/app/node_modules/which/which.js:68:19)
npm ERR! gyp verb `which` failed     at E (/app/node_modules/which/which.js:80:29)
npm ERR! gyp verb `which` failed     at /app/node_modules/which/which.js:89:16
npm ERR! gyp verb `which` failed     at /app/node_modules/isexe/index.js:42:5
npm ERR! gyp verb `which` failed     at /app/node_modules/isexe/mode.js:8:5
npm ERR! gyp verb `which` failed     at FSReqCallback.oncomplete (node:fs:207:21) {
npm ERR! gyp verb `which` failed   code: 'ENOENT'
npm ERR! gyp verb `which` failed }
npm ERR! gyp verb check python checking for Python executable "python" in the PATH
npm ERR! gyp verb `which` failed Error: not found: python
npm ERR! gyp verb `which` failed     at getNotFoundError (/app/node_modules/which/which.js:13:12)
npm ERR! gyp verb `which` failed     at F (/app/node_modules/which/which.js:68:19)
npm ERR! gyp verb `which` failed     at E (/app/node_modules/which/which.js:80:29)
npm ERR! gyp verb `which` failed     at /app/node_modules/which/which.js:89:16
npm ERR! gyp verb `which` failed     at /app/node_modules/isexe/index.js:42:5
npm ERR! gyp verb `which` failed     at /app/node_modules/isexe/mode.js:8:5
npm ERR! gyp verb `which` failed     at FSReqCallback.oncomplete (node:fs:207:21)
npm ERR! gyp verb `which` failed  python Error: not found: python
npm ERR! gyp verb `which` failed     at getNotFoundError (/app/node_modules/which/which.js:13:12)
npm ERR! gyp verb `which` failed     at F (/app/node_modules/which/which.js:68:19)
npm ERR! gyp verb `which` failed     at E (/app/node_modules/which/which.js:80:29)
npm ERR! gyp verb `which` failed     at /app/node_modules/which/which.js:89:16
npm ERR! gyp verb `which` failed     at /app/node_modules/isexe/index.js:42:5
npm ERR! gyp verb `which` failed     at /app/node_modules/isexe/mode.js:8:5
npm ERR! gyp verb `which` failed     at FSReqCallback.oncomplete (node:fs:207:21) {
npm ERR! gyp verb `which` failed }
npm ERR! gyp ERR! configure error
npm ERR! gyp ERR! stack Error: Can't find Python executable "python", you can set the PYTHON env variable.
npm ERR! gyp ERR! stack     at PythonFinder.failNoPython (/app/node_modules/node-gyp/lib/configure.js:484:19)
npm ERR! gyp ERR! stack     at PythonFinder.<anonymous> (/app/node_modules/node-gyp/lib/configure.js:406:16)
npm ERR! gyp ERR! stack     at E (/app/node_modules/which/which.js:80:29)
npm ERR! gyp ERR! stack     at /app/node_modules/which/which.js:89:16
npm ERR! gyp ERR! stack     at /app/node_modules/isexe/index.js:42:5
npm ERR! gyp ERR! stack     at /app/node_modules/isexe/mode.js:8:5
npm ERR! gyp ERR! stack     at FSReqCallback.oncomplete (node:fs:207:21)
npm ERR! gyp ERR! System Linux 5.10.102.1-microsoft-standard-WSL2
npm ERR! gyp ERR! command "/usr/bin/node" "/app/node_modules/node-gyp/bin/node-gyp.js" "rebuild" "--verbose" "--libsass_ext=" "--libsass_cflags=" "--libsass_ldflags=" "--libsass_library="
npm ERR! gyp ERR! cwd /app/node_modules/node-sass
npm ERR! gyp ERR! node -v v18.12.1
npm ERR! gyp ERR! node-gyp -v v3.8.0
npm ERR! gyp ERR! not ok
npm ERR! Build failed with error code: 1

npm ERR! A complete log of this run can be found in:
npm ERR!     /root/.npm/_logs/2022-12-02T16_19_10_540Z-debug-0.log</pre>

  
localizar arquivos de instalacao
<pre class="terminal">$ dpkg -S python2.7
/usr/lib/python2.7/</pre>

localizar arquivo executavel
<pre class="terminal">$ type -a python2.7
python2.7 is /usr/bin/python2.7
python2.7 is /bin/python2.7
</pre>

<pre>$ npm config set python "/usr/bin/python2.7"</pre>

<br><a href="https://askubuntu.com/questions/262063/how-to-find-python-installation-directory-on-ubuntu">askubuntu</a>
<br><a href="https://github.com/felixrieseberg/windows-build-tools/issues/56">github</a>
